<?xml version="1.0" encoding="UTF-8"?>
<!-- Generated by org.testng.reporters.JUnitReportReporter -->
<testsuite ignored="0" hostname="LAPTOP-SR7422KK" failures="0" tests="1" name="com.testyantra.parallelExecution.ParameterDemo" time="128.246" errors="0" timestamp="11 Jun 2020 14:49:46 GMT" skipped="0">
  <testcase classname="com.testyantra.parallelExecution.ParameterDemo" name="tc_01" time="128.246"/>
</testsuite> <!-- com.testyantra.parallelExecution.ParameterDemo -->
