<?xml version="1.0" encoding="UTF-8"?>
<!-- Generated by org.testng.reporters.JUnitReportReporter -->
<testsuite ignored="0" hostname="LAPTOP-SR7422KK" failures="0" tests="1" name="com.testyantra.scripts.Actitimedemo" time="61.576" errors="0" timestamp="09 Jun 2020 07:35:39 GMT" skipped="0">
  <testcase classname="com.testyantra.scripts.Actitimedemo" name="tc_01" time="61.576"/>
</testsuite> <!-- com.testyantra.scripts.Actitimedemo -->
