<?xml version="1.0" encoding="UTF-8"?>
<!-- Generated by org.testng.reporters.JUnitReportReporter -->
<testsuite ignored="0" hostname="LAPTOP-SR7422KK" failures="0" tests="1" name="com.testyantra.scripts.urbanladder_subelements" time="45.795" errors="0" timestamp="11 Jun 2020 07:52:20 GMT" skipped="0">
  <testcase classname="com.testyantra.scripts.urbanladder_subelements" name="Tc_02" time="45.795"/>
</testsuite> <!-- com.testyantra.scripts.urbanladder_subelements -->
