<?xml version="1.0" encoding="UTF-8"?>
<!-- Generated by org.testng.reporters.JUnitReportReporter -->
<testsuite ignored="0" hostname="LAPTOP-SR7422KK" failures="0" tests="2" name="com.testyantra.parallelExecution.ParallelExecutionDemo3" time="86.037" errors="0" timestamp="11 Jun 2020 10:41:47 GMT" skipped="0">
  <testcase classname="com.testyantra.parallelExecution.ParallelExecutionDemo3" name="tc_05" time="52.605"/>
  <testcase classname="com.testyantra.parallelExecution.ParallelExecutionDemo3" name="tc_06" time="33.432"/>
</testsuite> <!-- com.testyantra.parallelExecution.ParallelExecutionDemo3 -->
