<?xml version="1.0" encoding="UTF-8"?>
<!-- Generated by org.testng.reporters.JUnitReportReporter -->
<testsuite ignored="0" hostname="LAPTOP-SR7422KK" failures="0" tests="1" name="com.testyantra.scripts.UrbanLadder2" time="97.929" errors="0" timestamp="12 Jun 2020 12:25:00 GMT" skipped="0">
  <testcase classname="com.testyantra.scripts.UrbanLadder2" name="Tc_02" time="97.929"/>
</testsuite> <!-- com.testyantra.scripts.UrbanLadder2 -->
