<?xml version="1.0" encoding="UTF-8"?>
<!-- Generated by org.testng.reporters.JUnitReportReporter -->
<testsuite ignored="0" hostname="LAPTOP-SR7422KK" failures="0" tests="1" name="com.testyantra.scripts.Actitime_forgetpwd" time="38.345" errors="0" timestamp="09 Jun 2020 11:47:19 GMT" skipped="0">
  <testcase classname="com.testyantra.scripts.Actitime_forgetpwd" name="tc_01" time="38.345"/>
</testsuite> <!-- com.testyantra.scripts.Actitime_forgetpwd -->
