<?xml version="1.0" encoding="UTF-8"?>
<!-- Generated by org.testng.reporters.JUnitReportReporter -->
<testsuite ignored="0" hostname="LAPTOP-SR7422KK" failures="0" tests="1" name="com.testyantra.UrbanLadder.UrbanLadder_Bedroom_Module" time="40.729" errors="0" timestamp="13 Jun 2020 05:37:16 GMT" skipped="0">
  <testcase classname="com.testyantra.UrbanLadder.UrbanLadder_Bedroom_Module" name="Tc_03" time="40.729"/>
</testsuite> <!-- com.testyantra.UrbanLadder.UrbanLadder_Bedroom_Module -->
