<?xml version="1.0" encoding="UTF-8"?>
<!-- Generated by org.testng.reporters.JUnitReportReporter -->
<testsuite ignored="0" hostname="LAPTOP-SR7422KK" failures="0" tests="1" name="com.testyantra.Annotation.AnnotationDemo1" time="0.002" errors="0" timestamp="12 Jun 2020 08:15:07 GMT" skipped="0">
  <testcase classname="com.testyantra.Annotation.AnnotationDemo1" name="tc_01" time="0.002"/>
</testsuite> <!-- com.testyantra.Annotation.AnnotationDemo1 -->
