<?xml version="1.0" encoding="UTF-8"?>
<!-- Generated by org.testng.reporters.JUnitReportReporter -->
<testsuite ignored="0" hostname="LAPTOP-SR7422KK" failures="0" tests="1" name="com.testyantra.scripts.AccountTest" time="43.268" errors="0" timestamp="08 Jun 2020 10:41:17 GMT" skipped="0">
  <testcase classname="com.testyantra.scripts.AccountTest" name="tc_01" time="43.268"/>
</testsuite> <!-- com.testyantra.scripts.AccountTest -->
