<?xml version="1.0" encoding="UTF-8"?>
<!-- Generated by org.testng.reporters.JUnitReportReporter -->
<testsuite ignored="0" hostname="LAPTOP-SR7422KK" failures="0" tests="1" name="com.testyantra.scripts.urbanladder_reporter" time="53.240" errors="0" timestamp="10 Jun 2020 14:04:08 GMT" skipped="0">
  <testcase classname="com.testyantra.scripts.urbanladder_reporter" name="Tc_01" time="53.240"/>
</testsuite> <!-- com.testyantra.scripts.urbanladder_reporter -->
